# JRE version: Java(TM) SE Runtime Environment (8.0_60-b27) (build 1.8.0_60-b27)
# Java VM: Java HotSpot(TM) 64-Bit Server VM (25.60-b23 mixed mode windows-amd64 compressed oops)
Heap:
 PSYoungGen      total 284672K, used 133444K [0x00000000eab00000, 0x00000000ff780000, 0x0000000100000000)
  eden space 231936K, 57% used [0x00000000eab00000,0x00000000f2d511f0,0x00000000f8d80000)
  from space 52736K, 0% used [0x00000000fc400000,0x00000000fc400000,0x00000000ff780000)
  to   space 54272K, 0% used [0x00000000f8d80000,0x00000000f8d80000,0x00000000fc280000)
 ParOldGen       total 108544K, used 62090K [0x00000000c0000000, 0x00000000c6a00000, 0x00000000eab00000)
  object space 108544K, 57% used [0x00000000c0000000,0x00000000c3ca2af8,0x00000000c6a00000)
 Metaspace       used 70285K, capacity 80382K, committed 83200K, reserved 1120256K
  class space    used 9173K, capacity 12252K, committed 12800K, reserved 1048576K
GC Heap History (10 events):
Event: 149756.235 GC heap before
{Heap before GC invocations=116 (full 32):
 PSYoungGen      total 284672K, used 31579K [0x00000000eab00000, 0x00000000ffc80000, 0x0000000100000000)
  eden space 229888K, 0% used [0x00000000eab00000,0x00000000eab00000,0x00000000f8b80000)
  from space 54784K, 57% used [0x00000000fc300000,0x00000000fe1d6cd8,0x00000000ff880000)
  to   space 56832K, 0% used [0x00000000f8b80000,0x00000000f8b80000,0x00000000fc300000)
 ParOldGen       total 108544K, used 69183K [0x00000000c0000000, 0x00000000c6a00000, 0x00000000eab00000)
  object space 108544K, 63% used [0x00000000c0000000,0x00000000c438fe68,0x00000000c6a00000)
 Metaspace       used 72595K, capacity 82670K, committed 83200K, reserved 1120256K
  class space    used 9554K, capacity 12663K, committed 12800K, reserved 1048576K
Event: 149756.720 GC heap after
Heap after GC invocations=116 (full 32):
 PSYoungGen      total 284672K, used 0K [0x00000000eab00000, 0x00000000ffc80000, 0x0000000100000000)
  eden space 229888K, 0% used [0x00000000eab00000,0x00000000eab00000,0x00000000f8b80000)
  from space 54784K, 0% used [0x00000000fc300000,0x00000000fc300000,0x00000000ff880000)
  to   space 56832K, 0% used [0x00000000f8b80000,0x00000000f8b80000,0x00000000fc300000)
 ParOldGen       total 108544K, used 68520K [0x00000000c0000000, 0x00000000c6a00000, 0x00000000eab00000)
  object space 108544K, 63% used [0x00000000c0000000,0x00000000c42ea240,0x00000000c6a00000)
 Metaspace       used 70810K, capacity 80860K, committed 83200K, reserved 1120256K
  class space    used 9292K, capacity 12397K, committed 12800K, reserved 1048576K
}
Event: 150245.049 GC heap before
{Heap before GC invocations=117 (full 32):
 PSYoungGen      total 284672K, used 101337K [0x00000000eab00000, 0x00000000ffc80000, 0x0000000100000000)
  eden space 229888K, 44% used [0x00000000eab00000,0x00000000f0df65c8,0x00000000f8b80000)
  from space 54784K, 0% used [0x00000000fc300000,0x00000000fc300000,0x00000000ff880000)
  to   space 56832K, 0% used [0x00000000f8b80000,0x00000000f8b80000,0x00000000fc300000)
 ParOldGen       total 108544K, used 68520K [0x00000000c0000000, 0x00000000c6a00000, 0x00000000eab00000)
  object space 108544K, 63% used [0x00000000c0000000,0x00000000c42ea240,0x00000000c6a00000)
 Metaspace       used 70891K, capacity 81074K, committed 83200K, reserved 1120256K
  class space    used 9303K, capacity 12437K, committed 12800K, reserved 1048576K
Event: 150245.055 GC heap after
Heap after GC invocations=117 (full 32):
 PSYoungGen      total 286720K, used 1216K [0x00000000eab00000, 0x00000000ffa80000, 0x0000000100000000)
  eden space 229888K, 0% used [0x00000000eab00000,0x00000000eab00000,0x00000000f8b80000)
  from space 56832K, 2% used [0x00000000f8b80000,0x00000000f8cb0020,0x00000000fc300000)
  to   space 55808K, 0% used [0x00000000fc400000,0x00000000fc400000,0x00000000ffa80000)
 ParOldGen       total 108544K, used 68528K [0x00000000c0000000, 0x00000000c6a00000, 0x00000000eab00000)
  object space 108544K, 63% used [0x00000000c0000000,0x00000000c42ec240,0x00000000c6a00000)
 Metaspace       used 70891K, capacity 81074K, committed 83200K, reserved 1120256K
  class space    used 9303K, capacity 12437K, committed 12800K, reserved 1048576K
}
Event: 150245.055 GC heap before
{Heap before GC invocations=118 (full 33):
 PSYoungGen      total 286720K, used 1216K [0x00000000eab00000, 0x00000000ffa80000, 0x0000000100000000)
  eden space 229888K, 0% used [0x00000000eab00000,0x00000000eab00000,0x00000000f8b80000)
  from space 56832K, 2% used [0x00000000f8b80000,0x00000000f8cb0020,0x00000000fc300000)
  to   space 55808K, 0% used [0x00000000fc400000,0x00000000fc400000,0x00000000ffa80000)
 ParOldGen       total 108544K, used 68528K [0x00000000c0000000, 0x00000000c6a00000, 0x00000000eab00000)
  object space 108544K, 63% used [0x00000000c0000000,0x00000000c42ec240,0x00000000c6a00000)
 Metaspace       used 70891K, capacity 81074K, committed 83200K, reserved 1120256K
  class space    used 9303K, capacity 12437K, committed 12800K, reserved 1048576K
Event: 150245.520 GC heap after
Heap after GC invocations=118 (full 33):
 PSYoungGen      total 286720K, used 0K [0x00000000eab00000, 0x00000000ffa80000, 0x0000000100000000)
  eden space 229888K, 0% used [0x00000000eab00000,0x00000000eab00000,0x00000000f8b80000)
  from space 56832K, 0% used [0x00000000f8b80000,0x00000000f8b80000,0x00000000fc300000)
  to   space 55808K, 0% used [0x00000000fc400000,0x00000000fc400000,0x00000000ffa80000)
 ParOldGen       total 108544K, used 61537K [0x00000000c0000000, 0x00000000c6a00000, 0x00000000eab00000)
  object space 108544K, 56% used [0x00000000c0000000,0x00000000c3c186c8,0x00000000c6a00000)
 Metaspace       used 69925K, capacity 79612K, committed 83200K, reserved 1120256K
  class space    used 9122K, capacity 12100K, committed 12800K, reserved 1048576K
}
Event: 150741.721 GC heap before
{Heap before GC invocations=119 (full 33):
 PSYoungGen      total 286720K, used 198652K [0x00000000eab00000, 0x00000000ffa80000, 0x0000000100000000)
  eden space 229888K, 86% used [0x00000000eab00000,0x00000000f6cff128,0x00000000f8b80000)
  from space 56832K, 0% used [0x00000000f8b80000,0x00000000f8b80000,0x00000000fc300000)
  to   space 55808K, 0% used [0x00000000fc400000,0x00000000fc400000,0x00000000ffa80000)
 ParOldGen       total 108544K, used 61537K [0x00000000c0000000, 0x00000000c6a00000, 0x00000000eab00000)
  object space 108544K, 56% used [0x00000000c0000000,0x00000000c3c186c8,0x00000000c6a00000)
 Metaspace       used 70243K, capacity 80222K, committed 83200K, reserved 1120256K
  class space    used 9167K, capacity 12221K, committed 12800K, reserved 1048576K
Event: 150741.731 GC heap after
Heap after GC invocations=119 (full 33):
 PSYoungGen      total 284672K, used 2144K [0x00000000eab00000, 0x00000000ff780000, 0x0000000100000000)
  eden space 231936K, 0% used [0x00000000eab00000,0x00000000eab00000,0x00000000f8d80000)
  from space 52736K, 4% used [0x00000000fc400000,0x00000000fc618000,0x00000000ff780000)
  to   space 54272K, 0% used [0x00000000f8d80000,0x00000000f8d80000,0x00000000fc280000)
 ParOldGen       total 108544K, used 61545K [0x00000000c0000000, 0x00000000c6a00000, 0x00000000eab00000)
  object space 108544K, 56% used [0x00000000c0000000,0x00000000c3c1a6c8,0x00000000c6a00000)
 Metaspace       used 70243K, capacity 80222K, committed 83200K, reserved 1120256K
  class space    used 9167K, capacity 12221K, committed 12800K, reserved 1048576K
}
Event: 150741.731 GC heap before
{Heap before GC invocations=120 (full 34):
 PSYoungGen      total 284672K, used 2144K [0x00000000eab00000, 0x00000000ff780000, 0x0000000100000000)
  eden space 231936K, 0% used [0x00000000eab00000,0x00000000eab00000,0x00000000f8d80000)
  from space 52736K, 4% used [0x00000000fc400000,0x00000000fc618000,0x00000000ff780000)
  to   space 54272K, 0% used [0x00000000f8d80000,0x00000000f8d80000,0x00000000fc280000)
 ParOldGen       total 108544K, used 61545K [0x00000000c0000000, 0x00000000c6a00000, 0x00000000eab00000)
  object space 108544K, 56% used [0x00000000c0000000,0x00000000c3c1a6c8,0x00000000c6a00000)
 Metaspace       used 70243K, capacity 80222K, committed 83200K, reserved 1120256K
  class space    used 9167K, capacity 12221K, committed 12800K, reserved 1048576K
Event: 150742.237 GC heap after
Heap after GC invocations=120 (full 34):
 PSYoungGen      total 284672K, used 0K [0x00000000eab00000, 0x00000000ff780000, 0x0000000100000000)
  eden space 231936K, 0% used [0x00000000eab00000,0x00000000eab00000,0x00000000f8d80000)
  from space 52736K, 0% used [0x00000000fc400000,0x00000000fc400000,0x00000000ff780000)
  to   space 54272K, 0% used [0x00000000f8d80000,0x00000000f8d80000,0x00000000fc280000)
 ParOldGen       total 108544K, used 62090K [0x00000000c0000000, 0x00000000c6a00000, 0x00000000eab00000)
  object space 108544K, 57% used [0x00000000c0000000,0x00000000c3ca2af8,0x00000000c6a00000)
 Metaspace       used 70224K, capacity 80192K, committed 83200K, reserved 1120256K
  class space    used 9164K, capacity 12216K, committed 12800K, reserved 1048576K
}

