# JRE version: Java(TM) SE Runtime Environment (8.0_60-b27) (build 1.8.0_60-b27)
# Java VM: Java HotSpot(TM) 64-Bit Server VM (25.60-b23 mixed mode windows-amd64 compressed oops)
Heap:
 PSYoungGen      total 295424K, used 198547K [0x00000000eab00000, 0x0000000100000000, 0x0000000100000000)
  eden space 261120K, 76% used [0x00000000eab00000,0x00000000f6ce4d58,0x00000000faa00000)
  from space 34304K, 0% used [0x00000000fde80000,0x00000000fde80000,0x0000000100000000)
  to   space 44032K, 0% used [0x00000000faa00000,0x00000000faa00000,0x00000000fd500000)
 ParOldGen       total 95232K, used 58003K [0x00000000c0000000, 0x00000000c5d00000, 0x00000000eab00000)
  object space 95232K, 60% used [0x00000000c0000000,0x00000000c38a4d30,0x00000000c5d00000)
 Metaspace       used 65263K, capacity 70044K, committed 70784K, reserved 1110016K
  class space    used 8746K, capacity 10228K, committed 10368K, reserved 1048576K
GC Heap History (10 events):
Event: 3297.237 GC heap before
{Heap before GC invocations=24 (full 5):
 PSYoungGen      total 326656K, used 22521K [0x00000000eab00000, 0x0000000100000000, 0x0000000100000000)
  eden space 304128K, 0% used [0x00000000eab00000,0x00000000eab00000,0x00000000fd400000)
  from space 22528K, 99% used [0x00000000fd400000,0x00000000fe9fe4d0,0x00000000fea00000)
  to   space 22528K, 0% used [0x00000000fea00000,0x00000000fea00000,0x0000000100000000)
 ParOldGen       total 86016K, used 75460K [0x00000000c0000000, 0x00000000c5400000, 0x00000000eab00000)
  object space 86016K, 87% used [0x00000000c0000000,0x00000000c49b1028,0x00000000c5400000)
 Metaspace       used 63796K, capacity 68346K, committed 68608K, reserved 1107968K
  class space    used 8647K, capacity 10134K, committed 10240K, reserved 1048576K
Event: 3297.680 GC heap after
Heap after GC invocations=24 (full 5):
 PSYoungGen      total 326656K, used 0K [0x00000000eab00000, 0x0000000100000000, 0x0000000100000000)
  eden space 304128K, 0% used [0x00000000eab00000,0x00000000eab00000,0x00000000fd400000)
  from space 22528K, 0% used [0x00000000fd400000,0x00000000fd400000,0x00000000fea00000)
  to   space 22528K, 0% used [0x00000000fea00000,0x00000000fea00000,0x0000000100000000)
 ParOldGen       total 86016K, used 52883K [0x00000000c0000000, 0x00000000c5400000, 0x00000000eab00000)
  object space 86016K, 61% used [0x00000000c0000000,0x00000000c33a4ed8,0x00000000c5400000)
 Metaspace       used 60363K, capacity 63964K, committed 68608K, reserved 1107968K
  class space    used 7988K, capacity 9181K, committed 10240K, reserved 1048576K
}
Event: 3378.752 GC heap before
{Heap before GC invocations=25 (full 5):
 PSYoungGen      total 326656K, used 303642K [0x00000000eab00000, 0x0000000100000000, 0x0000000100000000)
  eden space 304128K, 99% used [0x00000000eab00000,0x00000000fd386830,0x00000000fd400000)
  from space 22528K, 0% used [0x00000000fd400000,0x00000000fd400000,0x00000000fea00000)
  to   space 22528K, 0% used [0x00000000fea00000,0x00000000fea00000,0x0000000100000000)
 ParOldGen       total 86016K, used 52883K [0x00000000c0000000, 0x00000000c5400000, 0x00000000eab00000)
  object space 86016K, 61% used [0x00000000c0000000,0x00000000c33a4ed8,0x00000000c5400000)
 Metaspace       used 61266K, capacity 65248K, committed 68608K, reserved 1107968K
  class space    used 8183K, capacity 9536K, committed 10240K, reserved 1048576K
Event: 3378.794 GC heap after
Heap after GC invocations=25 (full 5):
 PSYoungGen      total 303104K, used 16494K [0x00000000eab00000, 0x0000000100000000, 0x0000000100000000)
  eden space 280576K, 0% used [0x00000000eab00000,0x00000000eab00000,0x00000000fbd00000)
  from space 22528K, 73% used [0x00000000fea00000,0x00000000ffa1b8c0,0x0000000100000000)
  to   space 34304K, 0% used [0x00000000fbd00000,0x00000000fbd00000,0x00000000fde80000)
 ParOldGen       total 86016K, used 52891K [0x00000000c0000000, 0x00000000c5400000, 0x00000000eab00000)
  object space 86016K, 61% used [0x00000000c0000000,0x00000000c33a6ed8,0x00000000c5400000)
 Metaspace       used 61266K, capacity 65248K, committed 68608K, reserved 1107968K
  class space    used 8183K, capacity 9536K, committed 10240K, reserved 1048576K
}
Event: 3470.601 GC heap before
{Heap before GC invocations=26 (full 5):
 PSYoungGen      total 303104K, used 297070K [0x00000000eab00000, 0x0000000100000000, 0x0000000100000000)
  eden space 280576K, 100% used [0x00000000eab00000,0x00000000fbd00000,0x00000000fbd00000)
  from space 22528K, 73% used [0x00000000fea00000,0x00000000ffa1b8c0,0x0000000100000000)
  to   space 34304K, 0% used [0x00000000fbd00000,0x00000000fbd00000,0x00000000fde80000)
 ParOldGen       total 86016K, used 52891K [0x00000000c0000000, 0x00000000c5400000, 0x00000000eab00000)
  object space 86016K, 61% used [0x00000000c0000000,0x00000000c33a6ed8,0x00000000c5400000)
 Metaspace       used 64320K, capacity 69046K, committed 69888K, reserved 1110016K
  class space    used 8613K, capacity 10047K, committed 10240K, reserved 1048576K
Event: 3470.719 GC heap after
Heap after GC invocations=26 (full 5):
 PSYoungGen      total 314880K, used 34292K [0x00000000eab00000, 0x0000000100000000, 0x0000000100000000)
  eden space 280576K, 0% used [0x00000000eab00000,0x00000000eab00000,0x00000000fbd00000)
  from space 34304K, 99% used [0x00000000fbd00000,0x00000000fde7d0c8,0x00000000fde80000)
  to   space 34304K, 0% used [0x00000000fde80000,0x00000000fde80000,0x0000000100000000)
 ParOldGen       total 86016K, used 65306K [0x00000000c0000000, 0x00000000c5400000, 0x00000000eab00000)
  object space 86016K, 75% used [0x00000000c0000000,0x00000000c3fc6840,0x00000000c5400000)
 Metaspace       used 64320K, capacity 69046K, committed 69888K, reserved 1110016K
  class space    used 8613K, capacity 10047K, committed 10240K, reserved 1048576K
}
Event: 3475.474 GC heap before
{Heap before GC invocations=27 (full 5):
 PSYoungGen      total 314880K, used 63733K [0x00000000eab00000, 0x0000000100000000, 0x0000000100000000)
  eden space 280576K, 10% used [0x00000000eab00000,0x00000000ec7c04c0,0x00000000fbd00000)
  from space 34304K, 99% used [0x00000000fbd00000,0x00000000fde7d0c8,0x00000000fde80000)
  to   space 34304K, 0% used [0x00000000fde80000,0x00000000fde80000,0x0000000100000000)
 ParOldGen       total 86016K, used 65306K [0x00000000c0000000, 0x00000000c5400000, 0x00000000eab00000)
  object space 86016K, 75% used [0x00000000c0000000,0x00000000c3fc6840,0x00000000c5400000)
 Metaspace       used 65044K, capacity 69756K, committed 70528K, reserved 1110016K
  class space    used 8724K, capacity 10176K, committed 10368K, reserved 1048576K
Event: 3475.568 GC heap after
Heap after GC invocations=27 (full 5):
 PSYoungGen      total 295424K, used 2458K [0x00000000eab00000, 0x0000000100000000, 0x0000000100000000)
  eden space 261120K, 0% used [0x00000000eab00000,0x00000000eab00000,0x00000000faa00000)
  from space 34304K, 7% used [0x00000000fde80000,0x00000000fe0e6a70,0x0000000100000000)
  to   space 44032K, 0% used [0x00000000faa00000,0x00000000faa00000,0x00000000fd500000)
 ParOldGen       total 95232K, used 94944K [0x00000000c0000000, 0x00000000c5d00000, 0x00000000eab00000)
  object space 95232K, 99% used [0x00000000c0000000,0x00000000c5cb8320,0x00000000c5d00000)
 Metaspace       used 65044K, capacity 69756K, committed 70528K, reserved 1110016K
  class space    used 8724K, capacity 10176K, committed 10368K, reserved 1048576K
}
Event: 3475.568 GC heap before
{Heap before GC invocations=28 (full 6):
 PSYoungGen      total 295424K, used 2458K [0x00000000eab00000, 0x0000000100000000, 0x0000000100000000)
  eden space 261120K, 0% used [0x00000000eab00000,0x00000000eab00000,0x00000000faa00000)
  from space 34304K, 7% used [0x00000000fde80000,0x00000000fe0e6a70,0x0000000100000000)
  to   space 44032K, 0% used [0x00000000faa00000,0x00000000faa00000,0x00000000fd500000)
 ParOldGen       total 95232K, used 94944K [0x00000000c0000000, 0x00000000c5d00000, 0x00000000eab00000)
  object space 95232K, 99% used [0x00000000c0000000,0x00000000c5cb8320,0x00000000c5d00000)
 Metaspace       used 65044K, capacity 69756K, committed 70528K, reserved 1110016K
  class space    used 8724K, capacity 10176K, committed 10368K, reserved 1048576K
Event: 3476.528 GC heap after
Heap after GC invocations=28 (full 6):
 PSYoungGen      total 295424K, used 0K [0x00000000eab00000, 0x0000000100000000, 0x0000000100000000)
  eden space 261120K, 0% used [0x00000000eab00000,0x00000000eab00000,0x00000000faa00000)
  from space 34304K, 0% used [0x00000000fde80000,0x00000000fde80000,0x0000000100000000)
  to   space 44032K, 0% used [0x00000000faa00000,0x00000000faa00000,0x00000000fd500000)
 ParOldGen       total 95232K, used 58003K [0x00000000c0000000, 0x00000000c5d00000, 0x00000000eab00000)
  object space 95232K, 60% used [0x00000000c0000000,0x00000000c38a4d30,0x00000000c5d00000)
 Metaspace       used 63234K, capacity 67918K, committed 70528K, reserved 1110016K
  class space    used 8460K, capacity 9906K, committed 10368K, reserved 1048576K
}

